2025-10-10 12:02:02.859 [background-preinit] INFO  o.h.validator.internal.util.Version - HV000001: Hibernate Validator 8.0.3.Final
2025-10-10 12:02:02.875 [main] INFO  c.o.j.JavaHexagonalApplicationTests - Starting JavaHexagonalApplicationTests using Java 21.0.8 with PID 158237 (started by solashi in /home/solashi/Documents/java-workspace/java-hexagonal)
2025-10-10 12:02:02.876 [main] INFO  c.o.j.JavaHexagonalApplicationTests - No active profile set, falling back to 1 default profile: "default"
2025-10-10 12:02:03.405 [main] INFO  o.s.d.r.c.RepositoryConfigurationDelegate - Bootstrapping Spring Data JPA repositories in DEFAULT mode.
2025-10-10 12:02:03.442 [main] INFO  o.s.d.r.c.RepositoryConfigurationDelegate - Finished Spring Data repository scanning in 31 ms. Found 1 JPA repository interface.
2025-10-10 12:02:03.850 [main] INFO  o.h.jpa.internal.util.LogHelper - HHH000204: Processing PersistenceUnitInfo [name: default]
2025-10-10 12:02:03.878 [main] INFO  org.hibernate.Version - HHH000412: Hibernate ORM core version 6.6.29.Final
2025-10-10 12:02:03.896 [main] INFO  o.h.c.i.RegionFactoryInitiator - HHH000026: Second-level cache disabled
2025-10-10 12:02:04.033 [main] INFO  o.s.o.j.p.SpringPersistenceUnitInfo - No LoadTimeWeaver setup: ignoring JPA class transformer
2025-10-10 12:02:04.048 [main] INFO  com.zaxxer.hikari.HikariDataSource - HikariPool-1 - Starting...
2025-10-10 12:02:04.151 [main] INFO  com.zaxxer.hikari.pool.HikariPool - HikariPool-1 - Added connection conn0: url=jdbc:h2:mem:javahexagonal user=SA
2025-10-10 12:02:04.152 [main] INFO  com.zaxxer.hikari.HikariDataSource - HikariPool-1 - Start completed.
2025-10-10 12:02:04.167 [main] WARN  org.hibernate.orm.deprecation - HHH90000025: H2Dialect does not need to be specified explicitly using 'hibernate.dialect' (remove the property setting and it will be selected by default)
2025-10-10 12:02:04.181 [main] INFO  o.hibernate.orm.connections.pooling - HHH10001005: Database info:
	Database JDBC URL [Connecting through datasource 'HikariDataSource (HikariPool-1)']
	Database driver: undefined/unknown
	Database version: 2.3.232
	Autocommit mode: undefined/unknown
	Isolation level: undefined/unknown
	Minimum pool size: undefined/unknown
	Maximum pool size: undefined/unknown
2025-10-10 12:02:04.682 [main] INFO  o.h.e.t.j.p.i.JtaPlatformInitiator - HHH000489: No JTA platform available (set 'hibernate.transaction.jta.platform' to enable JTA platform integration)
2025-10-10 12:02:04.712 [main] INFO  o.s.o.j.LocalContainerEntityManagerFactoryBean - Initialized JPA EntityManagerFactory for persistence unit 'default'
2025-10-10 12:02:04.927 [main] INFO  c.o.j.i.config.AsyncConfiguration - ✅ Async Executor initialized with corePoolSize=5, maxPoolSize=10, queueCapacity=10000
2025-10-10 12:02:05.028 [main] WARN  o.s.b.a.o.j.JpaBaseConfiguration$JpaWebConfiguration - spring.jpa.open-in-view is enabled by default. Therefore, database queries may be performed during view rendering. Explicitly configure spring.jpa.open-in-view to disable this warning
2025-10-10 12:02:05.483 [main] INFO  o.s.s.c.a.a.c.InitializeUserDetailsBeanManagerConfigurer$InitializeUserDetailsManagerConfigurer - Global AuthenticationManager configured with UserDetailsService bean with name inMemoryUserDetailsManager
2025-10-10 12:02:05.547 [main] INFO  o.s.b.a.e.web.EndpointLinksResolver - Exposing 1 endpoint beneath base path '/actuator'
2025-10-10 12:02:05.575 [main] INFO  o.s.b.a.h.H2ConsoleAutoConfiguration - H2 console available at '/h2-console'. Database available at 'jdbc:h2:mem:javahexagonal'
2025-10-10 12:02:05.647 [main] INFO  c.o.j.JavaHexagonalApplicationTests - Started JavaHexagonalApplicationTests in 3.014 seconds (process running for 3.558)
2025-10-10 12:02:06.538 [SpringApplicationShutdownHook] INFO  o.s.o.j.LocalContainerEntityManagerFactoryBean - Closing JPA EntityManagerFactory for persistence unit 'default'
2025-10-10 12:02:06.542 [SpringApplicationShutdownHook] INFO  com.zaxxer.hikari.HikariDataSource - HikariPool-1 - Shutdown initiated...
2025-10-10 12:02:06.544 [SpringApplicationShutdownHook] INFO  com.zaxxer.hikari.HikariDataSource - HikariPool-1 - Shutdown completed.
2025-10-10 12:02:14.447 [background-preinit] INFO  o.h.validator.internal.util.Version - HV000001: Hibernate Validator 8.0.3.Final
2025-10-10 12:02:14.466 [main] INFO  c.o.j.JavaHexagonalApplication - Starting JavaHexagonalApplication using Java 21.0.8 with PID 158485 (/home/solashi/Documents/java-workspace/java-hexagonal/target/classes started by solashi in /home/solashi/Documents/java-workspace/java-hexagonal)
2025-10-10 12:02:14.467 [main] INFO  c.o.j.JavaHexagonalApplication - No active profile set, falling back to 1 default profile: "default"
2025-10-10 12:02:14.929 [main] INFO  o.s.d.r.c.RepositoryConfigurationDelegate - Bootstrapping Spring Data JPA repositories in DEFAULT mode.
2025-10-10 12:02:14.956 [main] INFO  o.s.d.r.c.RepositoryConfigurationDelegate - Finished Spring Data repository scanning in 23 ms. Found 1 JPA repository interface.
2025-10-10 12:02:15.362 [main] INFO  o.s.b.w.e.tomcat.TomcatWebServer - Tomcat initialized with port 8080 (http)
2025-10-10 12:02:15.368 [main] INFO  o.a.coyote.http11.Http11NioProtocol - Initializing ProtocolHandler ["http-nio-8080"]
2025-10-10 12:02:15.369 [main] INFO  o.a.catalina.core.StandardService - Starting service [Tomcat]
2025-10-10 12:02:15.369 [main] INFO  o.a.catalina.core.StandardEngine - Starting Servlet engine: [Apache Tomcat/10.1.46]
2025-10-10 12:02:15.390 [main] INFO  o.a.c.c.C.[Tomcat].[localhost].[/] - Initializing Spring embedded WebApplicationContext
2025-10-10 12:02:15.390 [main] INFO  o.s.b.w.s.c.ServletWebServerApplicationContext - Root WebApplicationContext: initialization completed in 906 ms
2025-10-10 12:02:15.525 [main] INFO  o.h.jpa.internal.util.LogHelper - HHH000204: Processing PersistenceUnitInfo [name: default]
2025-10-10 12:02:15.549 [main] INFO  org.hibernate.Version - HHH000412: Hibernate ORM core version 6.6.29.Final
2025-10-10 12:02:15.564 [main] INFO  o.h.c.i.RegionFactoryInitiator - HHH000026: Second-level cache disabled
2025-10-10 12:02:15.707 [main] INFO  o.s.o.j.p.SpringPersistenceUnitInfo - No LoadTimeWeaver setup: ignoring JPA class transformer
2025-10-10 12:02:15.721 [main] INFO  com.zaxxer.hikari.HikariDataSource - HikariPool-1 - Starting...
2025-10-10 12:02:15.818 [main] INFO  com.zaxxer.hikari.pool.HikariPool - HikariPool-1 - Added connection conn0: url=jdbc:h2:mem:javahexagonal user=SA
2025-10-10 12:02:15.820 [main] INFO  com.zaxxer.hikari.HikariDataSource - HikariPool-1 - Start completed.
2025-10-10 12:02:15.831 [main] WARN  org.hibernate.orm.deprecation - HHH90000025: H2Dialect does not need to be specified explicitly using 'hibernate.dialect' (remove the property setting and it will be selected by default)
2025-10-10 12:02:15.842 [main] INFO  o.hibernate.orm.connections.pooling - HHH10001005: Database info:
	Database JDBC URL [Connecting through datasource 'HikariDataSource (HikariPool-1)']
	Database driver: undefined/unknown
	Database version: 2.3.232
	Autocommit mode: undefined/unknown
	Isolation level: undefined/unknown
	Minimum pool size: undefined/unknown
	Maximum pool size: undefined/unknown
2025-10-10 12:02:16.340 [main] INFO  o.h.e.t.j.p.i.JtaPlatformInitiator - HHH000489: No JTA platform available (set 'hibernate.transaction.jta.platform' to enable JTA platform integration)
2025-10-10 12:02:16.372 [main] INFO  o.s.o.j.LocalContainerEntityManagerFactoryBean - Initialized JPA EntityManagerFactory for persistence unit 'default'
2025-10-10 12:02:16.562 [main] INFO  c.o.j.i.config.AsyncConfiguration - ✅ Async Executor initialized with corePoolSize=5, maxPoolSize=10, queueCapacity=10000
2025-10-10 12:02:16.598 [main] WARN  o.s.b.a.o.j.JpaBaseConfiguration$JpaWebConfiguration - spring.jpa.open-in-view is enabled by default. Therefore, database queries may be performed during view rendering. Explicitly configure spring.jpa.open-in-view to disable this warning
2025-10-10 12:02:16.952 [main] INFO  o.s.s.c.a.a.c.InitializeUserDetailsBeanManagerConfigurer$InitializeUserDetailsManagerConfigurer - Global AuthenticationManager configured with UserDetailsService bean with name inMemoryUserDetailsManager
2025-10-10 12:02:17.018 [main] INFO  o.s.b.a.e.web.EndpointLinksResolver - Exposing 1 endpoint beneath base path '/actuator'
2025-10-10 12:02:17.053 [main] INFO  o.s.b.a.h.H2ConsoleAutoConfiguration - H2 console available at '/h2-console'. Database available at 'jdbc:h2:mem:javahexagonal'
2025-10-10 12:02:17.118 [main] INFO  o.a.coyote.http11.Http11NioProtocol - Starting ProtocolHandler ["http-nio-8080"]
2025-10-10 12:02:17.124 [main] INFO  o.s.b.w.e.tomcat.TomcatWebServer - Tomcat started on port 8080 (http) with context path '/'
2025-10-10 12:02:17.132 [main] INFO  c.o.j.JavaHexagonalApplication - Started JavaHexagonalApplication in 2.951 seconds (process running for 3.318)
2025-10-10 12:02:17.787 [RMI TCP Connection(1)-10.10.1.52] INFO  o.a.c.c.C.[Tomcat].[localhost].[/] - Initializing Spring DispatcherServlet 'dispatcherServlet'
2025-10-10 12:02:17.787 [RMI TCP Connection(1)-10.10.1.52] INFO  o.s.web.servlet.DispatcherServlet - Initializing Servlet 'dispatcherServlet'
2025-10-10 12:02:17.789 [RMI TCP Connection(1)-10.10.1.52] INFO  o.s.web.servlet.DispatcherServlet - Completed initialization in 2 ms
2025-10-10 12:02:22.447 [http-nio-8080-exec-1] INFO  c.o.j.i.a.h.LogsActivityHandler - API LOG SUCCESS: {"headers":{"authorization":"Basic bnRkYXQxMDQ6MTIz","cookie":"JSESSIONID=016129D5FAED6221C3C9ED9A1FB6F5C0; jp1_ad_uid_v3=IV2DcrpAEN1rNH9m","postman-token":"fe2c8b9f-01b0-42ab-8de7-b3c703834946","host":"localhost:8080","connection":"keep-alive","accept-encoding":"gzip, deflate, br","user-agent":"PostmanRuntime/7.48.0","accept":"*/*"},"method":"GET","service_name":"java hexagonal","latency":1,"end_time":1760072542442,"request_params":{},"response_body":{"meta":{"service_code":"JAVA_HEXAGONAL","request_id":"298578be-96f0-4deb-a5c9-7b4da9422f18","timestamp":1760072542442,"datetime":"2025-10-10 12:02:22","code":200000,"message":"Success"},"data":{"timestamp":1760072542441,"datetime":"Fri Oct 10 12:02:22 ICT 2025"}},"service_version":"1.0.0","message":"Success","path":"/api/v1/system/time","start_time":1760072542441,"datetime":"Fri Oct 10 12:02:22 ICT 2025","request_body":"","client_ip":"0:0:0:0:0:0:0:1","request_id":"0d0a1450-d48c-4eb7-b9fd-d9b7fb283bad","user_agent":"PostmanRuntime/7.48.0","timestamp":1760072542442,"status":200}
2025-10-10 12:02:35.671 [http-nio-8080-exec-3] INFO  c.o.j.i.a.h.LogsActivityHandler - API LOG SUCCESS: {"headers":{"authorization":"Basic bnRkYXQxMDQ6MTIz","cookie":"JSESSIONID=016129D5FAED6221C3C9ED9A1FB6F5C0; jp1_ad_uid_v3=IV2DcrpAEN1rNH9m","postman-token":"3813f029-71c9-41b4-82d5-1125cb6a78ef","host":"localhost:8080","connection":"keep-alive","accept-encoding":"gzip, deflate, br","user-agent":"PostmanRuntime/7.48.0","accept":"*/*"},"method":"GET","service_name":"java hexagonal","latency":0,"end_time":1760072555671,"request_params":{},"response_body":{"meta":{"service_code":"JAVA_HEXAGONAL","request_id":"244f92aa-ae0d-4310-83ff-b72a2c1a4bb4","timestamp":1760072555671,"datetime":"2025-10-10 12:02:35","code":200000,"message":"Success"},"data":{"timestamp":1760072555671,"datetime":"Fri Oct 10 12:02:35 ICT 2025"}},"service_version":"1.0.0","message":"Success","path":"/api/v1/system/time","start_time":1760072555671,"datetime":"Fri Oct 10 12:02:35 ICT 2025","request_body":"","client_ip":"0:0:0:0:0:0:0:1","request_id":"16a5773b-c151-479e-845d-688300edf97a","user_agent":"PostmanRuntime/7.48.0","timestamp":1760072555671,"status":200}
2025-10-10 12:03:10.441 [SpringApplicationShutdownHook] INFO  o.s.b.w.e.tomcat.GracefulShutdown - Commencing graceful shutdown. Waiting for active requests to complete
2025-10-10 12:03:10.442 [tomcat-shutdown] INFO  o.s.b.w.e.tomcat.GracefulShutdown - Graceful shutdown complete
2025-10-10 12:03:10.446 [SpringApplicationShutdownHook] INFO  o.s.o.j.LocalContainerEntityManagerFactoryBean - Closing JPA EntityManagerFactory for persistence unit 'default'
2025-10-10 12:03:10.449 [SpringApplicationShutdownHook] INFO  com.zaxxer.hikari.HikariDataSource - HikariPool-1 - Shutdown initiated...
2025-10-10 12:03:10.450 [SpringApplicationShutdownHook] INFO  com.zaxxer.hikari.HikariDataSource - HikariPool-1 - Shutdown completed.
2025-10-10 13:00:25.770 [background-preinit] INFO  o.h.validator.internal.util.Version - HV000001: Hibernate Validator 8.0.3.Final
2025-10-10 13:00:25.791 [main] INFO  c.o.j.JavaHexagonalApplication - Starting JavaHexagonalApplication using Java 21.0.8 with PID 163479 (/home/solashi/Documents/java-workspace/java-hexagonal/target/classes started by solashi in /home/solashi/Documents/java-workspace/java-hexagonal)
2025-10-10 13:00:25.792 [main] INFO  c.o.j.JavaHexagonalApplication - No active profile set, falling back to 1 default profile: "default"
2025-10-10 13:00:26.277 [main] INFO  o.s.d.r.c.RepositoryConfigurationDelegate - Bootstrapping Spring Data JPA repositories in DEFAULT mode.
2025-10-10 13:00:26.304 [main] INFO  o.s.d.r.c.RepositoryConfigurationDelegate - Finished Spring Data repository scanning in 23 ms. Found 1 JPA repository interface.
2025-10-10 13:00:26.686 [main] INFO  o.s.b.w.e.tomcat.TomcatWebServer - Tomcat initialized with port 8080 (http)
2025-10-10 13:00:26.693 [main] INFO  o.a.coyote.http11.Http11NioProtocol - Initializing ProtocolHandler ["http-nio-8080"]
2025-10-10 13:00:26.693 [main] INFO  o.a.catalina.core.StandardService - Starting service [Tomcat]
2025-10-10 13:00:26.693 [main] INFO  o.a.catalina.core.StandardEngine - Starting Servlet engine: [Apache Tomcat/10.1.46]
2025-10-10 13:00:26.714 [main] INFO  o.a.c.c.C.[Tomcat].[localhost].[/] - Initializing Spring embedded WebApplicationContext
2025-10-10 13:00:26.714 [main] INFO  o.s.b.w.s.c.ServletWebServerApplicationContext - Root WebApplicationContext: initialization completed in 903 ms
2025-10-10 13:00:26.856 [main] INFO  o.h.jpa.internal.util.LogHelper - HHH000204: Processing PersistenceUnitInfo [name: default]
2025-10-10 13:00:26.878 [main] INFO  org.hibernate.Version - HHH000412: Hibernate ORM core version 6.6.29.Final
2025-10-10 13:00:26.896 [main] INFO  o.h.c.i.RegionFactoryInitiator - HHH000026: Second-level cache disabled
2025-10-10 13:00:27.021 [main] INFO  o.s.o.j.p.SpringPersistenceUnitInfo - No LoadTimeWeaver setup: ignoring JPA class transformer
2025-10-10 13:00:27.036 [main] INFO  com.zaxxer.hikari.HikariDataSource - HikariPool-1 - Starting...
2025-10-10 13:00:27.134 [main] INFO  com.zaxxer.hikari.pool.HikariPool - HikariPool-1 - Added connection conn0: url=jdbc:h2:mem:javahexagonal user=SA
2025-10-10 13:00:27.136 [main] INFO  com.zaxxer.hikari.HikariDataSource - HikariPool-1 - Start completed.
2025-10-10 13:00:27.150 [main] WARN  org.hibernate.orm.deprecation - HHH90000025: H2Dialect does not need to be specified explicitly using 'hibernate.dialect' (remove the property setting and it will be selected by default)
2025-10-10 13:00:27.165 [main] INFO  o.hibernate.orm.connections.pooling - HHH10001005: Database info:
	Database JDBC URL [Connecting through datasource 'HikariDataSource (HikariPool-1)']
	Database driver: undefined/unknown
	Database version: 2.3.232
	Autocommit mode: undefined/unknown
	Isolation level: undefined/unknown
	Minimum pool size: undefined/unknown
	Maximum pool size: undefined/unknown
2025-10-10 13:00:27.634 [main] INFO  o.h.e.t.j.p.i.JtaPlatformInitiator - HHH000489: No JTA platform available (set 'hibernate.transaction.jta.platform' to enable JTA platform integration)
2025-10-10 13:00:27.664 [main] INFO  o.s.o.j.LocalContainerEntityManagerFactoryBean - Initialized JPA EntityManagerFactory for persistence unit 'default'
2025-10-10 13:00:27.878 [main] INFO  c.o.j.i.config.AsyncConfiguration - ✅ Async Executor initialized with corePoolSize=5, maxPoolSize=10, queueCapacity=10000
2025-10-10 13:00:27.920 [main] WARN  o.s.b.a.o.j.JpaBaseConfiguration$JpaWebConfiguration - spring.jpa.open-in-view is enabled by default. Therefore, database queries may be performed during view rendering. Explicitly configure spring.jpa.open-in-view to disable this warning
2025-10-10 13:00:28.252 [main] INFO  o.s.s.c.a.a.c.InitializeUserDetailsBeanManagerConfigurer$InitializeUserDetailsManagerConfigurer - Global AuthenticationManager configured with UserDetailsService bean with name inMemoryUserDetailsManager
2025-10-10 13:00:28.319 [main] INFO  o.s.b.a.e.web.EndpointLinksResolver - Exposing 1 endpoint beneath base path '/actuator'
2025-10-10 13:00:28.344 [main] INFO  o.s.b.a.h.H2ConsoleAutoConfiguration - H2 console available at '/h2-console'. Database available at 'jdbc:h2:mem:javahexagonal'
2025-10-10 13:00:28.402 [main] INFO  o.a.coyote.http11.Http11NioProtocol - Starting ProtocolHandler ["http-nio-8080"]
2025-10-10 13:00:28.408 [main] INFO  o.s.b.w.e.tomcat.TomcatWebServer - Tomcat started on port 8080 (http) with context path '/'
2025-10-10 13:00:28.416 [main] INFO  c.o.j.JavaHexagonalApplication - Started JavaHexagonalApplication in 2.909 seconds (process running for 3.251)
2025-10-10 13:00:29.322 [RMI TCP Connection(2)-10.10.1.52] INFO  o.a.c.c.C.[Tomcat].[localhost].[/] - Initializing Spring DispatcherServlet 'dispatcherServlet'
2025-10-10 13:00:29.322 [RMI TCP Connection(2)-10.10.1.52] INFO  o.s.web.servlet.DispatcherServlet - Initializing Servlet 'dispatcherServlet'
2025-10-10 13:00:29.323 [RMI TCP Connection(2)-10.10.1.52] INFO  o.s.web.servlet.DispatcherServlet - Completed initialization in 1 ms
2025-10-10 13:00:32.299 [http-nio-8080-exec-1] INFO  c.o.j.i.a.h.LogsActivityHandler - API LOG SUCCESS: {"headers":{"authorization":"Basic bnRkYXQxMDQ6MTIz","cookie":"JSESSIONID=016129D5FAED6221C3C9ED9A1FB6F5C0; jp1_ad_uid_v3=IV2DcrpAEN1rNH9m","postman-token":"bc1f61b7-262e-445b-b51e-929aab5d3456","host":"localhost:8080","connection":"keep-alive","accept-encoding":"gzip, deflate, br","user-agent":"PostmanRuntime/7.48.0","accept":"*/*"},"method":"GET","service_name":"java hexagonal","latency":1,"end_time":1760076032296,"request_params":{},"response_body":{"timestamp":1760076032296,"datetime":"Fri Oct 10 13:00:32 ICT 2025"},"service_version":"1.0.0","message":"Success","path":"/api/v1/system/time","start_time":1760076032295,"datetime":"Fri Oct 10 13:00:32 ICT 2025","request_body":"","client_ip":"0:0:0:0:0:0:0:1","request_id":"e1454980-bcc0-4b13-aea7-2e34766ecad6","user_agent":"PostmanRuntime/7.48.0","timestamp":1760076032296,"status":200}
2025-10-10 13:00:32.301 [http-nio-8080-exec-1] INFO  c.o.j.i.a.h.LogsActivityHandler - API LOG SUCCESS: {"headers":{"authorization":"Basic bnRkYXQxMDQ6MTIz","cookie":"JSESSIONID=016129D5FAED6221C3C9ED9A1FB6F5C0; jp1_ad_uid_v3=IV2DcrpAEN1rNH9m","postman-token":"bc1f61b7-262e-445b-b51e-929aab5d3456","host":"localhost:8080","connection":"keep-alive","accept-encoding":"gzip, deflate, br","user-agent":"PostmanRuntime/7.48.0","accept":"*/*"},"method":"GET","service_name":"java hexagonal","latency":5,"end_time":1760076032300,"request_params":{},"response_body":{"meta":{"service_code":"JAVA_HEXAGONAL","request_id":"9dafb90b-f127-419b-a2b9-ad7956dbba58","timestamp":1760076032300,"datetime":"2025-10-10 13:00:32","code":200000,"message":"Success"},"data":{"timestamp":1760076032296,"datetime":"Fri Oct 10 13:00:32 ICT 2025"}},"service_version":"1.0.0","message":"Success","path":"/api/v1/system/time","start_time":1760076032295,"datetime":"Fri Oct 10 13:00:32 ICT 2025","request_body":"","client_ip":"0:0:0:0:0:0:0:1","request_id":"cfcfafaa-6e14-4528-995c-09db23ca537f","user_agent":"PostmanRuntime/7.48.0","timestamp":1760076032300,"status":200}
2025-10-10 13:01:35.832 [SpringApplicationShutdownHook] INFO  o.s.b.w.e.tomcat.GracefulShutdown - Commencing graceful shutdown. Waiting for active requests to complete
2025-10-10 13:01:35.833 [tomcat-shutdown] INFO  o.s.b.w.e.tomcat.GracefulShutdown - Graceful shutdown complete
2025-10-10 13:01:35.838 [SpringApplicationShutdownHook] INFO  o.s.o.j.LocalContainerEntityManagerFactoryBean - Closing JPA EntityManagerFactory for persistence unit 'default'
2025-10-10 13:01:35.842 [SpringApplicationShutdownHook] INFO  com.zaxxer.hikari.HikariDataSource - HikariPool-1 - Shutdown initiated...
2025-10-10 13:01:35.843 [SpringApplicationShutdownHook] INFO  com.zaxxer.hikari.HikariDataSource - HikariPool-1 - Shutdown completed.
2025-10-10 13:01:37.830 [background-preinit] INFO  o.h.validator.internal.util.Version - HV000001: Hibernate Validator 8.0.3.Final
2025-10-10 13:01:37.857 [main] INFO  c.o.j.JavaHexagonalApplication - Starting JavaHexagonalApplication using Java 21.0.8 with PID 164371 (/home/solashi/Documents/java-workspace/java-hexagonal/target/classes started by solashi in /home/solashi/Documents/java-workspace/java-hexagonal)
2025-10-10 13:01:37.858 [main] INFO  c.o.j.JavaHexagonalApplication - No active profile set, falling back to 1 default profile: "default"
2025-10-10 13:01:38.352 [main] INFO  o.s.d.r.c.RepositoryConfigurationDelegate - Bootstrapping Spring Data JPA repositories in DEFAULT mode.
2025-10-10 13:01:38.379 [main] INFO  o.s.d.r.c.RepositoryConfigurationDelegate - Finished Spring Data repository scanning in 23 ms. Found 1 JPA repository interface.
2025-10-10 13:01:38.725 [main] INFO  o.s.b.w.e.tomcat.TomcatWebServer - Tomcat initialized with port 8080 (http)
2025-10-10 13:01:38.731 [main] INFO  o.a.coyote.http11.Http11NioProtocol - Initializing ProtocolHandler ["http-nio-8080"]
2025-10-10 13:01:38.732 [main] INFO  o.a.catalina.core.StandardService - Starting service [Tomcat]
2025-10-10 13:01:38.732 [main] INFO  o.a.catalina.core.StandardEngine - Starting Servlet engine: [Apache Tomcat/10.1.46]
2025-10-10 13:01:38.753 [main] INFO  o.a.c.c.C.[Tomcat].[localhost].[/] - Initializing Spring embedded WebApplicationContext
2025-10-10 13:01:38.753 [main] INFO  o.s.b.w.s.c.ServletWebServerApplicationContext - Root WebApplicationContext: initialization completed in 869 ms
2025-10-10 13:01:38.892 [main] INFO  o.h.jpa.internal.util.LogHelper - HHH000204: Processing PersistenceUnitInfo [name: default]
2025-10-10 13:01:38.916 [main] INFO  org.hibernate.Version - HHH000412: Hibernate ORM core version 6.6.29.Final
2025-10-10 13:01:38.932 [main] INFO  o.h.c.i.RegionFactoryInitiator - HHH000026: Second-level cache disabled
2025-10-10 13:01:39.071 [main] INFO  o.s.o.j.p.SpringPersistenceUnitInfo - No LoadTimeWeaver setup: ignoring JPA class transformer
2025-10-10 13:01:39.085 [main] INFO  com.zaxxer.hikari.HikariDataSource - HikariPool-1 - Starting...
2025-10-10 13:01:39.186 [main] INFO  com.zaxxer.hikari.pool.HikariPool - HikariPool-1 - Added connection conn0: url=jdbc:h2:mem:javahexagonal user=SA
2025-10-10 13:01:39.187 [main] INFO  com.zaxxer.hikari.HikariDataSource - HikariPool-1 - Start completed.
2025-10-10 13:01:39.199 [main] WARN  org.hibernate.orm.deprecation - HHH90000025: H2Dialect does not need to be specified explicitly using 'hibernate.dialect' (remove the property setting and it will be selected by default)
2025-10-10 13:01:39.209 [main] INFO  o.hibernate.orm.connections.pooling - HHH10001005: Database info:
	Database JDBC URL [Connecting through datasource 'HikariDataSource (HikariPool-1)']
	Database driver: undefined/unknown
	Database version: 2.3.232
	Autocommit mode: undefined/unknown
	Isolation level: undefined/unknown
	Minimum pool size: undefined/unknown
	Maximum pool size: undefined/unknown
2025-10-10 13:01:39.670 [main] INFO  o.h.e.t.j.p.i.JtaPlatformInitiator - HHH000489: No JTA platform available (set 'hibernate.transaction.jta.platform' to enable JTA platform integration)
2025-10-10 13:01:39.701 [main] INFO  o.s.o.j.LocalContainerEntityManagerFactoryBean - Initialized JPA EntityManagerFactory for persistence unit 'default'
2025-10-10 13:01:39.913 [main] INFO  c.o.j.i.config.AsyncConfiguration - ✅ Async Executor initialized with corePoolSize=5, maxPoolSize=10, queueCapacity=10000
2025-10-10 13:01:39.949 [main] WARN  o.s.b.a.o.j.JpaBaseConfiguration$JpaWebConfiguration - spring.jpa.open-in-view is enabled by default. Therefore, database queries may be performed during view rendering. Explicitly configure spring.jpa.open-in-view to disable this warning
2025-10-10 13:01:40.276 [main] INFO  o.s.s.c.a.a.c.InitializeUserDetailsBeanManagerConfigurer$InitializeUserDetailsManagerConfigurer - Global AuthenticationManager configured with UserDetailsService bean with name inMemoryUserDetailsManager
2025-10-10 13:01:40.334 [main] INFO  o.s.b.a.e.web.EndpointLinksResolver - Exposing 1 endpoint beneath base path '/actuator'
2025-10-10 13:01:40.367 [main] INFO  o.s.b.a.h.H2ConsoleAutoConfiguration - H2 console available at '/h2-console'. Database available at 'jdbc:h2:mem:javahexagonal'
2025-10-10 13:01:40.422 [main] INFO  o.a.coyote.http11.Http11NioProtocol - Starting ProtocolHandler ["http-nio-8080"]
2025-10-10 13:01:40.429 [main] INFO  o.s.b.w.e.tomcat.TomcatWebServer - Tomcat started on port 8080 (http) with context path '/'
2025-10-10 13:01:40.437 [main] INFO  c.o.j.JavaHexagonalApplication - Started JavaHexagonalApplication in 2.851 seconds (process running for 3.142)
2025-10-10 13:01:40.977 [RMI TCP Connection(3)-10.10.1.52] INFO  o.a.c.c.C.[Tomcat].[localhost].[/] - Initializing Spring DispatcherServlet 'dispatcherServlet'
2025-10-10 13:01:40.978 [RMI TCP Connection(3)-10.10.1.52] INFO  o.s.web.servlet.DispatcherServlet - Initializing Servlet 'dispatcherServlet'
2025-10-10 13:01:40.979 [RMI TCP Connection(3)-10.10.1.52] INFO  o.s.web.servlet.DispatcherServlet - Completed initialization in 1 ms
2025-10-10 13:01:43.984 [http-nio-8080-exec-2] INFO  c.o.j.i.a.h.LogsActivityHandler - API LOG SUCCESS: {"headers":{"authorization":"Basic bnRkYXQxMDQ6MTIz","cookie":"JSESSIONID=016129D5FAED6221C3C9ED9A1FB6F5C0; jp1_ad_uid_v3=IV2DcrpAEN1rNH9m","postman-token":"50a9c248-95c1-4a4e-a579-9e60c44c6051","host":"localhost:8080","connection":"keep-alive","accept-encoding":"gzip, deflate, br","user-agent":"PostmanRuntime/7.48.0","accept":"*/*"},"method":"GET","service_name":"java hexagonal","latency":1,"end_time":1760076103979,"request_params":{},"response_body":{"meta":{"service_code":"JAVA_HEXAGONAL","request_id":"802606e3-8364-4bc1-a190-5ee00d10e393","timestamp":1760076103979,"datetime":"2025-10-10 13:01:43","code":200000,"message":"Success"},"data":{"timestamp":1760076103979,"datetime":"Fri Oct 10 13:01:43 ICT 2025"}},"service_version":"1.0.0","message":"Success","path":"/api/v1/system/time","start_time":1760076103978,"datetime":"Fri Oct 10 13:01:43 ICT 2025","request_body":"","client_ip":"0:0:0:0:0:0:0:1","request_id":"339b0920-f83b-42da-b48e-8536e326b3b1","user_agent":"PostmanRuntime/7.48.0","timestamp":1760076103979,"status":200}
2025-10-10 13:02:39.172 [SpringApplicationShutdownHook] INFO  o.s.b.w.e.tomcat.GracefulShutdown - Commencing graceful shutdown. Waiting for active requests to complete
2025-10-10 13:02:39.173 [tomcat-shutdown] INFO  o.s.b.w.e.tomcat.GracefulShutdown - Graceful shutdown complete
2025-10-10 13:02:39.177 [SpringApplicationShutdownHook] INFO  o.s.o.j.LocalContainerEntityManagerFactoryBean - Closing JPA EntityManagerFactory for persistence unit 'default'
2025-10-10 13:02:39.180 [SpringApplicationShutdownHook] INFO  com.zaxxer.hikari.HikariDataSource - HikariPool-1 - Shutdown initiated...
2025-10-10 13:02:39.181 [SpringApplicationShutdownHook] INFO  com.zaxxer.hikari.HikariDataSource - HikariPool-1 - Shutdown completed.
